<?xml version="1.0" encoding="UTF-8"?>
<coverage generated="1779659808886" clover="3.2.0">
  <project timestamp="1779659808886" name="All files">
    <metrics statements="229" coveredstatements="229" conditionals="205" coveredconditionals="182" methods="62" coveredmethods="62" elements="496" coveredelements="473" complexity="0" loc="229" ncloc="229" packages="2" files="7" classes="7"/>
    <package name="store">
      <metrics statements="45" coveredstatements="45" conditionals="58" coveredconditionals="46" methods="24" coveredmethods="24"/>
      <file name="decks.ts" path="/Users/codyparker/workspace/deck-checklist/src/store/decks.ts">
        <metrics statements="45" coveredstatements="45" conditionals="58" coveredconditionals="46" methods="24" coveredmethods="24"/>
        <line num="30" count="34" type="cond" truecount="17" falsecount="0"/>
        <line num="32" count="3" type="stmt"/>
        <line num="34" count="3" type="stmt"/>
        <line num="36" count="2" type="stmt"/>
        <line num="39" count="3" type="cond" truecount="2" falsecount="0"/>
        <line num="43" count="3" type="stmt"/>
        <line num="46" count="4" type="cond" truecount="2" falsecount="0"/>
        <line num="50" count="1" type="stmt"/>
        <line num="53" count="1" type="cond" truecount="1" falsecount="1"/>
        <line num="57" count="2" type="stmt"/>
        <line num="60" count="2" type="cond" truecount="1" falsecount="1"/>
        <line num="64" count="2" type="cond" truecount="1" falsecount="1"/>
        <line num="71" count="3" type="stmt"/>
        <line num="74" count="3" type="cond" truecount="1" falsecount="1"/>
        <line num="78" count="3" type="cond" truecount="1" falsecount="1"/>
        <line num="87" count="2" type="stmt"/>
        <line num="90" count="2" type="cond" truecount="1" falsecount="1"/>
        <line num="94" count="4" type="cond" truecount="2" falsecount="0"/>
        <line num="103" count="3" type="stmt"/>
        <line num="105" count="4" type="stmt"/>
        <line num="111" count="1" type="stmt"/>
        <line num="114" count="1" type="cond" truecount="1" falsecount="1"/>
        <line num="115" count="2" type="stmt"/>
        <line num="120" count="1" type="stmt"/>
        <line num="123" count="1" type="cond" truecount="1" falsecount="1"/>
        <line num="127" count="1" type="cond" truecount="1" falsecount="1"/>
        <line num="134" count="2" type="stmt"/>
        <line num="137" count="3" type="cond" truecount="2" falsecount="0"/>
        <line num="144" count="2" type="stmt"/>
        <line num="147" count="3" type="cond" truecount="2" falsecount="0"/>
        <line num="151" count="3" type="cond" truecount="2" falsecount="0"/>
        <line num="160" count="2" type="stmt"/>
        <line num="163" count="2" type="cond" truecount="1" falsecount="1"/>
        <line num="169" count="2" type="stmt"/>
        <line num="172" count="2" type="cond" truecount="1" falsecount="1"/>
        <line num="173" count="3" type="cond" truecount="1" falsecount="1"/>
        <line num="178" count="2" type="stmt"/>
        <line num="180" count="1" type="stmt"/>
        <line num="184" count="2" type="stmt"/>
        <line num="187" count="5" type="stmt"/>
        <line num="188" count="5" type="stmt"/>
        <line num="192" count="9" type="stmt"/>
        <line num="193" count="9" type="cond" truecount="2" falsecount="0"/>
        <line num="194" count="2" type="stmt"/>
        <line num="196" count="6" type="stmt"/>
      </file>
    </package>
    <package name="utils">
      <metrics statements="184" coveredstatements="184" conditionals="147" coveredconditionals="136" methods="38" coveredmethods="38"/>
      <file name="carrier.ts" path="/Users/codyparker/workspace/deck-checklist/src/utils/carrier.ts">
        <metrics statements="16" coveredstatements="16" conditionals="6" coveredconditionals="6" methods="8" coveredmethods="8"/>
        <line num="10" count="1" type="stmt"/>
        <line num="16" count="1" type="stmt"/>
        <line num="23" count="1" type="stmt"/>
        <line num="30" count="1" type="stmt"/>
        <line num="37" count="1" type="stmt"/>
        <line num="41" count="1" type="stmt"/>
        <line num="51" count="17" type="stmt"/>
        <line num="56" count="12" type="stmt"/>
        <line num="57" count="12" type="cond" truecount="2" falsecount="0"/>
        <line num="58" count="11" type="stmt"/>
        <line num="59" count="26" type="cond" truecount="2" falsecount="0"/>
        <line num="61" count="2" type="stmt"/>
        <line num="66" count="5" type="stmt"/>
        <line num="67" count="14" type="stmt"/>
        <line num="68" count="5" type="cond" truecount="2" falsecount="0"/>
        <line num="70" count="1" type="stmt"/>
      </file>
      <file name="csvParser.ts" path="/Users/codyparker/workspace/deck-checklist/src/utils/csvParser.ts">
        <metrics statements="86" coveredstatements="86" conditionals="79" coveredconditionals="72" methods="17" coveredmethods="17"/>
        <line num="5" count="3" type="stmt"/>
        <line num="6" count="3" type="stmt"/>
        <line num="7" count="3" type="stmt"/>
        <line num="8" count="3" type="stmt"/>
        <line num="9" count="3" type="stmt"/>
        <line num="13" count="37" type="stmt"/>
        <line num="14" count="37" type="stmt"/>
        <line num="15" count="37" type="stmt"/>
        <line num="17" count="37" type="stmt"/>
        <line num="18" count="603" type="stmt"/>
        <line num="19" count="603" type="cond" truecount="2" falsecount="0"/>
        <line num="20" count="6" type="cond" truecount="4" falsecount="0"/>
        <line num="21" count="2" type="stmt"/>
        <line num="22" count="2" type="stmt"/>
        <line num="24" count="4" type="stmt"/>
        <line num="26" count="597" type="cond" truecount="4" falsecount="0"/>
        <line num="27" count="60" type="stmt"/>
        <line num="28" count="60" type="stmt"/>
        <line num="30" count="537" type="stmt"/>
        <line num="33" count="37" type="stmt"/>
        <line num="34" count="37" type="stmt"/>
        <line num="39" count="31" type="stmt"/>
        <line num="40" count="80" type="stmt"/>
        <line num="41" count="80" type="stmt"/>
        <line num="43" count="31" type="cond" truecount="2" falsecount="0"/>
        <line num="44" count="2" type="stmt"/>
        <line num="46" count="9" type="stmt"/>
        <line num="50" count="29" type="cond" truecount="2" falsecount="0"/>
        <line num="51" count="1" type="stmt"/>
        <line num="52" count="2" type="stmt"/>
        <line num="56" count="28" type="stmt"/>
        <line num="61" count="39" type="stmt"/>
        <line num="62" count="102" type="stmt"/>
        <line num="63" count="102" type="stmt"/>
        <line num="64" count="39" type="cond" truecount="2" falsecount="0"/>
        <line num="70" count="17" type="stmt"/>
        <line num="71" count="41" type="stmt"/>
        <line num="73" count="17" type="cond" truecount="2" falsecount="0"/>
        <line num="74" count="1" type="stmt"/>
        <line num="77" count="16" type="stmt"/>
        <line num="78" count="16" type="stmt"/>
        <line num="79" count="16" type="stmt"/>
        <line num="80" count="16" type="stmt"/>
        <line num="81" count="16" type="stmt"/>
        <line num="82" count="16" type="stmt"/>
        <line num="84" count="16" type="stmt"/>
        <line num="86" count="16" type="stmt"/>
        <line num="87" count="21" type="stmt"/>
        <line num="88" count="21" type="cond" truecount="1" falsecount="1"/>
        <line num="89" count="21" type="cond" truecount="1" falsecount="1"/>
        <line num="91" count="21" type="cond" truecount="2" falsecount="0"/>
        <line num="93" count="20" type="stmt"/>
        <line num="94" count="20" type="cond" truecount="4" falsecount="0"/>
        <line num="97" count="18" type="cond" truecount="2" falsecount="0"/>
        <line num="98" count="21" type="stmt"/>
        <line num="100" count="21" type="cond" truecount="4" falsecount="2"/>
        <line num="101" count="21" type="cond" truecount="4" falsecount="2"/>
        <line num="102" count="21" type="cond" truecount="3" falsecount="1"/>
        <line num="103" count="21" type="cond" truecount="7" falsecount="0"/>
        <line num="107" count="21" type="cond" truecount="2" falsecount="0"/>
        <line num="108" count="21" type="stmt"/>
        <line num="109" count="2" type="cond" truecount="3" falsecount="0"/>
        <line num="111" count="21" type="cond" truecount="2" falsecount="0"/>
        <line num="112" count="1" type="stmt"/>
        <line num="114" count="17" type="stmt"/>
        <line num="116" count="18" type="stmt"/>
        <line num="119" count="21" type="stmt"/>
        <line num="129" count="6" type="stmt"/>
        <line num="130" count="6" type="stmt"/>
        <line num="131" count="7" type="stmt"/>
        <line num="132" count="7" type="cond" truecount="2" falsecount="0"/>
        <line num="133" count="7" type="cond" truecount="3" falsecount="0"/>
        <line num="134" count="7" type="cond" truecount="2" falsecount="0"/>
        <line num="135" count="2" type="stmt"/>
        <line num="137" count="5" type="stmt"/>
        <line num="139" count="7" type="stmt"/>
        <line num="141" count="6" type="stmt"/>
        <line num="153" count="12" type="stmt"/>
        <line num="154" count="12" type="cond" truecount="2" falsecount="0"/>
        <line num="156" count="10" type="cond" truecount="2" falsecount="0"/>
        <line num="157" count="12" type="stmt"/>
        <line num="159" count="12" type="cond" truecount="4" falsecount="0"/>
        <line num="160" count="6" type="stmt"/>
        <line num="162" count="4" type="cond" truecount="4" falsecount="0"/>
        <line num="163" count="1" type="stmt"/>
        <line num="165" count="3" type="stmt"/>
      </file>
      <file name="deckUtils.ts" path="/Users/codyparker/workspace/deck-checklist/src/utils/deckUtils.ts">
        <metrics statements="14" coveredstatements="14" conditionals="15" coveredconditionals="15" methods="4" coveredmethods="4"/>
        <line num="8" count="7" type="stmt"/>
        <line num="9" count="7" type="stmt"/>
        <line num="10" count="15" type="stmt"/>
        <line num="11" count="17" type="cond" truecount="4" falsecount="0"/>
        <line num="14" count="35" type="stmt"/>
        <line num="22" count="11" type="stmt"/>
        <line num="23" count="11" type="cond" truecount="2" falsecount="0"/>
        <line num="24" count="9" type="cond" truecount="2" falsecount="0"/>
        <line num="25" count="8" type="cond" truecount="2" falsecount="0"/>
        <line num="26" count="6" type="cond" truecount="2" falsecount="0"/>
        <line num="27" count="3" type="stmt"/>
        <line num="34" count="4" type="stmt"/>
        <line num="35" count="4" type="cond" truecount="2" falsecount="0"/>
        <line num="37" count="1" type="stmt"/>
      </file>
      <file name="dualface.ts" path="/Users/codyparker/workspace/deck-checklist/src/utils/dualface.ts">
        <metrics statements="2" coveredstatements="2" conditionals="2" coveredconditionals="2" methods="2" coveredmethods="2"/>
        <line num="4" count="9" type="stmt"/>
        <line num="8" count="189" type="cond" truecount="2" falsecount="0"/>
      </file>
      <file name="parser.ts" path="/Users/codyparker/workspace/deck-checklist/src/utils/parser.ts">
        <metrics statements="14" coveredstatements="14" conditionals="9" coveredconditionals="8" methods="1" coveredmethods="1"/>
        <line num="2" count="15" type="stmt"/>
        <line num="3" count="15" type="stmt"/>
        <line num="5" count="15" type="stmt"/>
        <line num="6" count="27" type="stmt"/>
        <line num="7" count="27" type="cond" truecount="5" falsecount="0"/>
        <line num="8" count="6" type="stmt"/>
        <line num="11" count="21" type="stmt"/>
        <line num="12" count="21" type="cond" truecount="2" falsecount="0"/>
        <line num="13" count="20" type="stmt"/>
        <line num="14" count="20" type="stmt"/>
        <line num="20" count="20" type="stmt"/>
        <line num="26" count="20" type="stmt"/>
        <line num="28" count="20" type="cond" truecount="1" falsecount="1"/>
        <line num="32" count="15" type="stmt"/>
      </file>
      <file name="validator.ts" path="/Users/codyparker/workspace/deck-checklist/src/utils/validator.ts">
        <metrics statements="52" coveredstatements="52" conditionals="36" coveredconditionals="33" methods="6" coveredmethods="6"/>
        <line num="31" count="1" type="stmt"/>
        <line num="32" count="1" type="stmt"/>
        <line num="33" count="1" type="stmt"/>
        <line num="36" count="4" type="stmt"/>
        <line num="37" count="4" type="cond" truecount="2" falsecount="0"/>
        <line num="38" count="2" type="stmt"/>
        <line num="44" count="19" type="stmt"/>
        <line num="49" count="19" type="cond" truecount="2" falsecount="0"/>
        <line num="50" count="2" type="stmt"/>
        <line num="51" count="2" type="cond" truecount="2" falsecount="0"/>
        <line num="53" count="17" type="stmt"/>
        <line num="71" count="105" type="cond" truecount="4" falsecount="0"/>
        <line num="72" count="100" type="cond" truecount="2" falsecount="0"/>
        <line num="73" count="92" type="cond" truecount="2" falsecount="0"/>
        <line num="77" count="92" type="stmt"/>
        <line num="78" count="92" type="stmt"/>
        <line num="85" count="92" type="cond" truecount="3" falsecount="1"/>
        <line num="86" count="92" type="stmt"/>
        <line num="88" count="92" type="stmt"/>
        <line num="114" count="19" type="stmt"/>
        <line num="115" count="19" type="stmt"/>
        <line num="117" count="19" type="stmt"/>
        <line num="118" count="19" type="stmt"/>
        <line num="119" count="98" type="cond" truecount="2" falsecount="0"/>
        <line num="123" count="19" type="stmt"/>
        <line num="124" count="19" type="stmt"/>
        <line num="125" count="19" type="stmt"/>
        <line num="126" count="98" type="cond" truecount="2" falsecount="0"/>
        <line num="127" count="96" type="stmt"/>
        <line num="128" count="96" type="stmt"/>
        <line num="131" count="19" type="stmt"/>
        <line num="132" count="19" type="stmt"/>
        <line num="134" count="19" type="stmt"/>
        <line num="135" count="19" type="stmt"/>
        <line num="136" count="19" type="stmt"/>
        <line num="138" count="17" type="stmt"/>
        <line num="139" count="90" type="cond" truecount="2" falsecount="0"/>
        <line num="142" count="90" type="cond" truecount="1" falsecount="1"/>
        <line num="143" count="90" type="stmt"/>
        <line num="146" count="17" type="stmt"/>
        <line num="147" count="4" type="stmt"/>
        <line num="148" count="4" type="cond" truecount="2" falsecount="0"/>
        <line num="149" count="2" type="cond" truecount="1" falsecount="1"/>
        <line num="150" count="2" type="stmt"/>
        <line num="151" count="2" type="stmt"/>
        <line num="152" count="2" type="stmt"/>
        <line num="154" count="2" type="stmt"/>
        <line num="162" count="17" type="stmt"/>
        <line num="163" count="17" type="stmt"/>
        <line num="166" count="19" type="cond" truecount="2" falsecount="0"/>
        <line num="167" count="1" type="stmt"/>
        <line num="171" count="17" type="stmt"/>
      </file>
    </package>
  </project>
</coverage>
