{"/Users/codyparker/workspace/deck-checklist/src/store/decks.ts": {"path":"/Users/codyparker/workspace/deck-checklist/src/store/decks.ts","statementMap":{"0":{"start":{"line":30,"column":2},"end":{"line":180,"column":null}},"1":{"start":{"line":32,"column":6},"end":{"line":32,"column":null}},"2":{"start":{"line":34,"column":6},"end":{"line":34,"column":null}},"3":{"start":{"line":34,"column":56},"end":{"line":34,"column":82}},"4":{"start":{"line":36,"column":6},"end":{"line":41,"column":null}},"5":{"start":{"line":39,"column":10},"end":{"line":39,"column":null}},"6":{"start":{"line":43,"column":6},"end":{"line":48,"column":null}},"7":{"start":{"line":46,"column":10},"end":{"line":46,"column":null}},"8":{"start":{"line":50,"column":6},"end":{"line":55,"column":null}},"9":{"start":{"line":53,"column":10},"end":{"line":53,"column":null}},"10":{"start":{"line":57,"column":6},"end":{"line":69,"column":null}},"11":{"start":{"line":60,"column":10},"end":{"line":67,"column":null}},"12":{"start":{"line":64,"column":18},"end":{"line":64,"column":null}},"13":{"start":{"line":71,"column":6},"end":{"line":85,"column":null}},"14":{"start":{"line":74,"column":10},"end":{"line":83,"column":null}},"15":{"start":{"line":78,"column":18},"end":{"line":80,"column":null}},"16":{"start":{"line":87,"column":6},"end":{"line":101,"column":null}},"17":{"start":{"line":90,"column":10},"end":{"line":99,"column":null}},"18":{"start":{"line":94,"column":18},"end":{"line":96,"column":null}},"19":{"start":{"line":103,"column":6},"end":{"line":109,"column":null}},"20":{"start":{"line":105,"column":37},"end":{"line":108,"column":null}},"21":{"start":{"line":111,"column":6},"end":{"line":118,"column":null}},"22":{"start":{"line":114,"column":10},"end":{"line":116,"column":null}},"23":{"start":{"line":115,"column":49},"end":{"line":115,"column":82}},"24":{"start":{"line":120,"column":6},"end":{"line":132,"column":null}},"25":{"start":{"line":123,"column":10},"end":{"line":130,"column":null}},"26":{"start":{"line":127,"column":18},"end":{"line":127,"column":null}},"27":{"start":{"line":134,"column":6},"end":{"line":141,"column":null}},"28":{"start":{"line":137,"column":10},"end":{"line":139,"column":null}},"29":{"start":{"line":144,"column":6},"end":{"line":158,"column":null}},"30":{"start":{"line":147,"column":10},"end":{"line":156,"column":null}},"31":{"start":{"line":151,"column":18},"end":{"line":153,"column":null}},"32":{"start":{"line":160,"column":6},"end":{"line":167,"column":null}},"33":{"start":{"line":163,"column":10},"end":{"line":165,"column":null}},"34":{"start":{"line":169,"column":6},"end":{"line":176,"column":null}},"35":{"start":{"line":172,"column":10},"end":{"line":174,"column":null}},"36":{"start":{"line":173,"column":73},"end":{"line":173,"column":114}},"37":{"start":{"line":178,"column":6},"end":{"line":178,"column":null}},"38":{"start":{"line":180,"column":6},"end":{"line":180,"column":null}},"39":{"start":{"line":184,"column":6},"end":{"line":184,"column":110}},"40":{"start":{"line":187,"column":16},"end":{"line":187,"column":76}},"41":{"start":{"line":188,"column":2},"end":{"line":188,"column":null}},"42":{"start":{"line":192,"column":8},"end":{"line":192,"column":41}},"43":{"start":{"line":193,"column":2},"end":{"line":194,"column":null}},"44":{"start":{"line":194,"column":4},"end":{"line":194,"column":null}},"45":{"start":{"line":196,"column":2},"end":{"line":196,"column":null}}},"fnMap":{"0":{"name":"deckReducer","decl":{"start":{"line":29,"column":16},"end":{"line":29,"column":28}},"loc":{"start":{"line":29,"column":77},"end":{"line":180,"column":null}},"line":29},"1":{"name":"(anonymous_1)","decl":{"start":{"line":34,"column":44},"end":{"line":34,"column":51}},"loc":{"start":{"line":34,"column":56},"end":{"line":34,"column":82}},"line":34},"2":{"name":"(anonymous_2)","decl":{"start":{"line":38,"column":27},"end":{"line":38,"column":31}},"loc":{"start":{"line":39,"column":10},"end":{"line":39,"column":null}},"line":39},"3":{"name":"(anonymous_3)","decl":{"start":{"line":45,"column":27},"end":{"line":45,"column":31}},"loc":{"start":{"line":46,"column":10},"end":{"line":46,"column":null}},"line":46},"4":{"name":"(anonymous_4)","decl":{"start":{"line":52,"column":27},"end":{"line":52,"column":31}},"loc":{"start":{"line":53,"column":10},"end":{"line":53,"column":null}},"line":53},"5":{"name":"(anonymous_5)","decl":{"start":{"line":59,"column":27},"end":{"line":59,"column":31}},"loc":{"start":{"line":60,"column":10},"end":{"line":67,"column":null}},"line":60},"6":{"name":"(anonymous_6)","decl":{"start":{"line":63,"column":31},"end":{"line":63,"column":35}},"loc":{"start":{"line":64,"column":18},"end":{"line":64,"column":null}},"line":64},"7":{"name":"(anonymous_7)","decl":{"start":{"line":73,"column":27},"end":{"line":73,"column":31}},"loc":{"start":{"line":74,"column":10},"end":{"line":83,"column":null}},"line":74},"8":{"name":"(anonymous_8)","decl":{"start":{"line":77,"column":31},"end":{"line":77,"column":35}},"loc":{"start":{"line":78,"column":18},"end":{"line":80,"column":null}},"line":78},"9":{"name":"(anonymous_9)","decl":{"start":{"line":89,"column":27},"end":{"line":89,"column":31}},"loc":{"start":{"line":90,"column":10},"end":{"line":99,"column":null}},"line":90},"10":{"name":"(anonymous_10)","decl":{"start":{"line":93,"column":31},"end":{"line":93,"column":35}},"loc":{"start":{"line":94,"column":18},"end":{"line":96,"column":null}},"line":94},"11":{"name":"(anonymous_11)","decl":{"start":{"line":105,"column":27},"end":{"line":105,"column":31}},"loc":{"start":{"line":105,"column":37},"end":{"line":108,"column":null}},"line":105},"12":{"name":"(anonymous_12)","decl":{"start":{"line":113,"column":27},"end":{"line":113,"column":31}},"loc":{"start":{"line":114,"column":10},"end":{"line":116,"column":null}},"line":114},"13":{"name":"(anonymous_13)","decl":{"start":{"line":115,"column":37},"end":{"line":115,"column":44}},"loc":{"start":{"line":115,"column":49},"end":{"line":115,"column":82}},"line":115},"14":{"name":"(anonymous_14)","decl":{"start":{"line":122,"column":27},"end":{"line":122,"column":31}},"loc":{"start":{"line":123,"column":10},"end":{"line":130,"column":null}},"line":123},"15":{"name":"(anonymous_15)","decl":{"start":{"line":126,"column":31},"end":{"line":126,"column":35}},"loc":{"start":{"line":127,"column":18},"end":{"line":127,"column":null}},"line":127},"16":{"name":"(anonymous_16)","decl":{"start":{"line":136,"column":27},"end":{"line":136,"column":31}},"loc":{"start":{"line":137,"column":10},"end":{"line":139,"column":null}},"line":137},"17":{"name":"(anonymous_17)","decl":{"start":{"line":146,"column":27},"end":{"line":146,"column":31}},"loc":{"start":{"line":147,"column":10},"end":{"line":156,"column":null}},"line":147},"18":{"name":"(anonymous_18)","decl":{"start":{"line":150,"column":31},"end":{"line":150,"column":35}},"loc":{"start":{"line":151,"column":18},"end":{"line":153,"column":null}},"line":151},"19":{"name":"(anonymous_19)","decl":{"start":{"line":162,"column":27},"end":{"line":162,"column":31}},"loc":{"start":{"line":163,"column":10},"end":{"line":165,"column":null}},"line":163},"20":{"name":"(anonymous_20)","decl":{"start":{"line":171,"column":27},"end":{"line":171,"column":31}},"loc":{"start":{"line":172,"column":10},"end":{"line":174,"column":null}},"line":172},"21":{"name":"(anonymous_21)","decl":{"start":{"line":173,"column":61},"end":{"line":173,"column":68}},"loc":{"start":{"line":173,"column":73},"end":{"line":173,"column":114}},"line":173},"22":{"name":"DeckProvider","decl":{"start":{"line":186,"column":16},"end":{"line":186,"column":29}},"loc":{"start":{"line":186,"column":110},"end":{"line":188,"column":null}},"line":186},"23":{"name":"useDecks","decl":{"start":{"line":191,"column":16},"end":{"line":191,"column":27}},"loc":{"start":{"line":191,"column":27},"end":{"line":196,"column":null}},"line":191}},"branchMap":{"0":{"loc":{"start":{"line":30,"column":2},"end":{"line":180,"column":null}},"type":"switch","locations":[{"start":{"line":31,"column":4},"end":{"line":32,"column":null}},{"start":{"line":33,"column":4},"end":{"line":34,"column":null}},{"start":{"line":35,"column":4},"end":{"line":41,"column":null}},{"start":{"line":42,"column":4},"end":{"line":48,"column":null}},{"start":{"line":49,"column":4},"end":{"line":55,"column":null}},{"start":{"line":56,"column":4},"end":{"line":69,"column":null}},{"start":{"line":70,"column":4},"end":{"line":85,"column":null}},{"start":{"line":86,"column":4},"end":{"line":101,"column":null}},{"start":{"line":102,"column":4},"end":{"line":109,"column":null}},{"start":{"line":110,"column":4},"end":{"line":118,"column":null}},{"start":{"line":119,"column":4},"end":{"line":132,"column":null}},{"start":{"line":133,"column":4},"end":{"line":141,"column":null}},{"start":{"line":142,"column":4},"end":{"line":158,"column":null}},{"start":{"line":159,"column":4},"end":{"line":167,"column":null}},{"start":{"line":168,"column":4},"end":{"line":176,"column":null}},{"start":{"line":177,"column":4},"end":{"line":178,"column":null}},{"start":{"line":179,"column":4},"end":{"line":180,"column":null}}],"line":30},"1":{"loc":{"start":{"line":39,"column":10},"end":{"line":39,"column":null}},"type":"cond-expr","locations":[{"start":{"line":39,"column":39},"end":{"line":39,"column":77}},{"start":{"line":39,"column":77},"end":{"line":39,"column":null}}],"line":39},"2":{"loc":{"start":{"line":46,"column":10},"end":{"line":46,"column":null}},"type":"cond-expr","locations":[{"start":{"line":46,"column":39},"end":{"line":46,"column":81}},{"start":{"line":46,"column":81},"end":{"line":46,"column":null}}],"line":46},"3":{"loc":{"start":{"line":53,"column":10},"end":{"line":53,"column":null}},"type":"cond-expr","locations":[{"start":{"line":53,"column":43},"end":{"line":53,"column":83}},{"start":{"line":53,"column":83},"end":{"line":53,"column":null}}],"line":53},"4":{"loc":{"start":{"line":60,"column":10},"end":{"line":67,"column":null}},"type":"cond-expr","locations":[{"start":{"line":61,"column":14},"end":{"line":66,"column":null}},{"start":{"line":67,"column":14},"end":{"line":67,"column":null}}],"line":60},"5":{"loc":{"start":{"line":64,"column":18},"end":{"line":64,"column":null}},"type":"cond-expr","locations":[{"start":{"line":64,"column":51},"end":{"line":64,"column":85}},{"start":{"line":64,"column":85},"end":{"line":64,"column":null}}],"line":64},"6":{"loc":{"start":{"line":74,"column":10},"end":{"line":83,"column":null}},"type":"cond-expr","locations":[{"start":{"line":75,"column":14},"end":{"line":82,"column":null}},{"start":{"line":83,"column":14},"end":{"line":83,"column":null}}],"line":74},"7":{"loc":{"start":{"line":78,"column":18},"end":{"line":80,"column":null}},"type":"cond-expr","locations":[{"start":{"line":79,"column":22},"end":{"line":79,"column":null}},{"start":{"line":80,"column":22},"end":{"line":80,"column":null}}],"line":78},"8":{"loc":{"start":{"line":90,"column":10},"end":{"line":99,"column":null}},"type":"cond-expr","locations":[{"start":{"line":91,"column":14},"end":{"line":98,"column":null}},{"start":{"line":99,"column":14},"end":{"line":99,"column":null}}],"line":90},"9":{"loc":{"start":{"line":94,"column":18},"end":{"line":96,"column":null}},"type":"cond-expr","locations":[{"start":{"line":95,"column":22},"end":{"line":95,"column":null}},{"start":{"line":96,"column":22},"end":{"line":96,"column":null}}],"line":94},"10":{"loc":{"start":{"line":114,"column":10},"end":{"line":116,"column":null}},"type":"cond-expr","locations":[{"start":{"line":115,"column":14},"end":{"line":115,"column":null}},{"start":{"line":116,"column":14},"end":{"line":116,"column":null}}],"line":114},"11":{"loc":{"start":{"line":123,"column":10},"end":{"line":130,"column":null}},"type":"cond-expr","locations":[{"start":{"line":124,"column":14},"end":{"line":129,"column":null}},{"start":{"line":130,"column":14},"end":{"line":130,"column":null}}],"line":123},"12":{"loc":{"start":{"line":127,"column":18},"end":{"line":127,"column":null}},"type":"cond-expr","locations":[{"start":{"line":127,"column":51},"end":{"line":127,"column":97}},{"start":{"line":127,"column":97},"end":{"line":127,"column":null}}],"line":127},"13":{"loc":{"start":{"line":137,"column":10},"end":{"line":139,"column":null}},"type":"cond-expr","locations":[{"start":{"line":138,"column":14},"end":{"line":138,"column":null}},{"start":{"line":139,"column":14},"end":{"line":139,"column":null}}],"line":137},"14":{"loc":{"start":{"line":147,"column":10},"end":{"line":156,"column":null}},"type":"cond-expr","locations":[{"start":{"line":148,"column":14},"end":{"line":155,"column":null}},{"start":{"line":156,"column":14},"end":{"line":156,"column":null}}],"line":147},"15":{"loc":{"start":{"line":151,"column":18},"end":{"line":153,"column":null}},"type":"cond-expr","locations":[{"start":{"line":152,"column":22},"end":{"line":152,"column":null}},{"start":{"line":153,"column":22},"end":{"line":153,"column":null}}],"line":151},"16":{"loc":{"start":{"line":163,"column":10},"end":{"line":165,"column":null}},"type":"cond-expr","locations":[{"start":{"line":164,"column":14},"end":{"line":164,"column":null}},{"start":{"line":165,"column":14},"end":{"line":165,"column":null}}],"line":163},"17":{"loc":{"start":{"line":164,"column":42},"end":{"line":164,"column":63}},"type":"binary-expr","locations":[{"start":{"line":164,"column":42},"end":{"line":164,"column":61}},{"start":{"line":164,"column":61},"end":{"line":164,"column":63}}],"line":164},"18":{"loc":{"start":{"line":172,"column":10},"end":{"line":174,"column":null}},"type":"cond-expr","locations":[{"start":{"line":173,"column":14},"end":{"line":173,"column":null}},{"start":{"line":174,"column":14},"end":{"line":174,"column":null}}],"line":172},"19":{"loc":{"start":{"line":173,"column":38},"end":{"line":173,"column":59}},"type":"binary-expr","locations":[{"start":{"line":173,"column":38},"end":{"line":173,"column":57}},{"start":{"line":173,"column":57},"end":{"line":173,"column":59}}],"line":173},"20":{"loc":{"start":{"line":186,"column":41},"end":{"line":186,"column":58}},"type":"default-arg","locations":[{"start":{"line":186,"column":56},"end":{"line":186,"column":58}}],"line":186},"21":{"loc":{"start":{"line":193,"column":2},"end":{"line":194,"column":null}},"type":"if","locations":[{"start":{"line":193,"column":2},"end":{"line":194,"column":null}},{"start":{},"end":{}}],"line":193}},"s":{"0":34,"1":3,"2":2,"3":3,"4":2,"5":3,"6":3,"7":4,"8":1,"9":1,"10":2,"11":2,"12":2,"13":3,"14":3,"15":3,"16":2,"17":2,"18":4,"19":3,"20":4,"21":1,"22":1,"23":2,"24":1,"25":1,"26":1,"27":2,"28":3,"29":2,"30":3,"31":3,"32":2,"33":2,"34":2,"35":2,"36":3,"37":2,"38":1,"39":2,"40":5,"41":5,"42":9,"43":9,"44":2,"45":6},"f":{"0":34,"1":3,"2":3,"3":4,"4":1,"5":2,"6":2,"7":3,"8":3,"9":2,"10":4,"11":4,"12":1,"13":2,"14":1,"15":1,"16":3,"17":3,"18":3,"19":2,"20":2,"21":3,"22":5,"23":9},"b":{"0":[3,2,2,3,1,2,3,2,3,1,1,2,2,2,2,2,1],"1":[2,1],"2":[3,1],"3":[1,0],"4":[2,0],"5":[2,0],"6":[3,0],"7":[3,0],"8":[2,0],"9":[3,1],"10":[1,0],"11":[1,0],"12":[1,0],"13":[2,1],"14":[2,1],"15":[2,1],"16":[2,0],"17":[2,1],"18":[2,0],"19":[2,0],"20":[5],"21":[2,7]},"meta":{"lastBranch":22,"lastFunction":24,"lastStatement":46,"seen":{"f:29:16:29:28":0,"b:31:4:32:Infinity:33:4:34:Infinity:35:4:41:Infinity:42:4:48:Infinity:49:4:55:Infinity:56:4:69:Infinity:70:4:85:Infinity:86:4:101:Infinity:102:4:109:Infinity:110:4:118:Infinity:119:4:132:Infinity:133:4:141:Infinity:142:4:158:Infinity:159:4:167:Infinity:168:4:176:Infinity:177:4:178:Infinity:179:4:180:Infinity":0,"s:30:2:180:Infinity":0,"s:32:6:32:Infinity":1,"s:34:6:34:Infinity":2,"f:34:44:34:51":1,"s:34:56:34:82":3,"s:36:6:41:Infinity":4,"f:38:27:38:31":2,"s:39:10:39:Infinity":5,"b:39:39:39:77:39:77:39:Infinity":1,"s:43:6:48:Infinity":6,"f:45:27:45:31":3,"s:46:10:46:Infinity":7,"b:46:39:46:81:46:81:46:Infinity":2,"s:50:6:55:Infinity":8,"f:52:27:52:31":4,"s:53:10:53:Infinity":9,"b:53:43:53:83:53:83:53:Infinity":3,"s:57:6:69:Infinity":10,"f:59:27:59:31":5,"s:60:10:67:Infinity":11,"b:61:14:66:Infinity:67:14:67:Infinity":4,"f:63:31:63:35":6,"s:64:18:64:Infinity":12,"b:64:51:64:85:64:85:64:Infinity":5,"s:71:6:85:Infinity":13,"f:73:27:73:31":7,"s:74:10:83:Infinity":14,"b:75:14:82:Infinity:83:14:83:Infinity":6,"f:77:31:77:35":8,"s:78:18:80:Infinity":15,"b:79:22:79:Infinity:80:22:80:Infinity":7,"s:87:6:101:Infinity":16,"f:89:27:89:31":9,"s:90:10:99:Infinity":17,"b:91:14:98:Infinity:99:14:99:Infinity":8,"f:93:31:93:35":10,"s:94:18:96:Infinity":18,"b:95:22:95:Infinity:96:22:96:Infinity":9,"s:103:6:109:Infinity":19,"f:105:27:105:31":11,"s:105:37:108:Infinity":20,"s:111:6:118:Infinity":21,"f:113:27:113:31":12,"s:114:10:116:Infinity":22,"b:115:14:115:Infinity:116:14:116:Infinity":10,"f:115:37:115:44":13,"s:115:49:115:82":23,"s:120:6:132:Infinity":24,"f:122:27:122:31":14,"s:123:10:130:Infinity":25,"b:124:14:129:Infinity:130:14:130:Infinity":11,"f:126:31:126:35":15,"s:127:18:127:Infinity":26,"b:127:51:127:97:127:97:127:Infinity":12,"s:134:6:141:Infinity":27,"f:136:27:136:31":16,"s:137:10:139:Infinity":28,"b:138:14:138:Infinity:139:14:139:Infinity":13,"s:144:6:158:Infinity":29,"f:146:27:146:31":17,"s:147:10:156:Infinity":30,"b:148:14:155:Infinity:156:14:156:Infinity":14,"f:150:31:150:35":18,"s:151:18:153:Infinity":31,"b:152:22:152:Infinity:153:22:153:Infinity":15,"s:160:6:167:Infinity":32,"f:162:27:162:31":19,"s:163:10:165:Infinity":33,"b:164:14:164:Infinity:165:14:165:Infinity":16,"b:164:42:164:61:164:61:164:63":17,"s:169:6:176:Infinity":34,"f:171:27:171:31":20,"s:172:10:174:Infinity":35,"b:173:14:173:Infinity:174:14:174:Infinity":18,"b:173:38:173:57:173:57:173:59":19,"f:173:61:173:68":21,"s:173:73:173:114":36,"s:178:6:178:Infinity":37,"s:180:6:180:Infinity":38,"s:184:6:184:110":39,"f:186:16:186:29":22,"b:186:56:186:58":20,"s:187:16:187:76":40,"s:188:2:188:Infinity":41,"f:191:16:191:27":23,"s:192:8:192:41":42,"b:193:2:194:Infinity:undefined:undefined:undefined:undefined":21,"s:193:2:194:Infinity":43,"s:194:4:194:Infinity":44,"s:196:2:196:Infinity":45}}}
,"/Users/codyparker/workspace/deck-checklist/src/utils/carrier.ts": {"path":"/Users/codyparker/workspace/deck-checklist/src/utils/carrier.ts","statementMap":{"0":{"start":{"line":10,"column":37},"end":{"line":39,"column":null}},"1":{"start":{"line":16,"column":23},"end":{"line":16,"column":null}},"2":{"start":{"line":23,"column":23},"end":{"line":23,"column":null}},"3":{"start":{"line":30,"column":23},"end":{"line":30,"column":null}},"4":{"start":{"line":37,"column":23},"end":{"line":37,"column":null}},"5":{"start":{"line":41,"column":54},"end":{"line":47,"column":null}},"6":{"start":{"line":51,"column":2},"end":{"line":51,"column":null}},"7":{"start":{"line":56,"column":13},"end":{"line":56,"column":38}},"8":{"start":{"line":57,"column":2},"end":{"line":57,"column":null}},"9":{"start":{"line":57,"column":11},"end":{"line":57,"column":null}},"10":{"start":{"line":58,"column":2},"end":{"line":59,"column":null}},"11":{"start":{"line":59,"column":4},"end":{"line":59,"column":null}},"12":{"start":{"line":59,"column":31},"end":{"line":59,"column":null}},"13":{"start":{"line":61,"column":2},"end":{"line":61,"column":null}},"14":{"start":{"line":66,"column":13},"end":{"line":66,"column":38}},"15":{"start":{"line":67,"column":15},"end":{"line":67,"column":61}},"16":{"start":{"line":67,"column":39},"end":{"line":67,"column":61}},"17":{"start":{"line":68,"column":2},"end":{"line":68,"column":null}},"18":{"start":{"line":68,"column":12},"end":{"line":68,"column":null}},"19":{"start":{"line":70,"column":2},"end":{"line":70,"column":null}}},"fnMap":{"0":{"name":"(anonymous_0)","decl":{"start":{"line":16,"column":4},"end":{"line":16,"column":17}},"loc":{"start":{"line":16,"column":23},"end":{"line":16,"column":null}},"line":16},"1":{"name":"(anonymous_1)","decl":{"start":{"line":23,"column":4},"end":{"line":23,"column":17}},"loc":{"start":{"line":23,"column":23},"end":{"line":23,"column":null}},"line":23},"2":{"name":"(anonymous_2)","decl":{"start":{"line":30,"column":4},"end":{"line":30,"column":17}},"loc":{"start":{"line":30,"column":23},"end":{"line":30,"column":null}},"line":30},"3":{"name":"(anonymous_3)","decl":{"start":{"line":37,"column":4},"end":{"line":37,"column":17}},"loc":{"start":{"line":37,"column":23},"end":{"line":37,"column":null}},"line":37},"4":{"name":"normalise","decl":{"start":{"line":50,"column":9},"end":{"line":50,"column":19}},"loc":{"start":{"line":50,"column":51},"end":{"line":51,"column":null}},"line":50},"5":{"name":"detectCarrier","decl":{"start":{"line":55,"column":16},"end":{"line":55,"column":30}},"loc":{"start":{"line":55,"column":63},"end":{"line":61,"column":null}},"line":55},"6":{"name":"getTrackingUrl","decl":{"start":{"line":65,"column":16},"end":{"line":65,"column":31}},"loc":{"start":{"line":65,"column":81},"end":{"line":70,"column":null}},"line":65},"7":{"name":"(anonymous_7)","decl":{"start":{"line":67,"column":29},"end":{"line":67,"column":34}},"loc":{"start":{"line":67,"column":39},"end":{"line":67,"column":61}},"line":67}},"branchMap":{"0":{"loc":{"start":{"line":57,"column":2},"end":{"line":57,"column":null}},"type":"if","locations":[{"start":{"line":57,"column":2},"end":{"line":57,"column":null}},{"start":{},"end":{}}],"line":57},"1":{"loc":{"start":{"line":59,"column":4},"end":{"line":59,"column":null}},"type":"if","locations":[{"start":{"line":59,"column":4},"end":{"line":59,"column":null}},{"start":{},"end":{}}],"line":59},"2":{"loc":{"start":{"line":68,"column":2},"end":{"line":68,"column":null}},"type":"if","locations":[{"start":{"line":68,"column":2},"end":{"line":68,"column":null}},{"start":{},"end":{}}],"line":68}},"s":{"0":1,"1":1,"2":1,"3":1,"4":1,"5":1,"6":17,"7":12,"8":12,"9":1,"10":11,"11":26,"12":9,"13":2,"14":5,"15":5,"16":14,"17":5,"18":4,"19":1},"f":{"0":1,"1":1,"2":1,"3":1,"4":17,"5":12,"6":5,"7":14},"b":{"0":[1,11],"1":[9,17],"2":[4,1]},"meta":{"lastBranch":3,"lastFunction":8,"lastStatement":20,"seen":{"s:10:37:39:Infinity":0,"f:16:4:16:17":0,"s:16:23:16:Infinity":1,"f:23:4:23:17":1,"s:23:23:23:Infinity":2,"f:30:4:30:17":2,"s:30:23:30:Infinity":3,"f:37:4:37:17":3,"s:37:23:37:Infinity":4,"s:41:54:47:Infinity":5,"f:50:9:50:19":4,"s:51:2:51:Infinity":6,"f:55:16:55:30":5,"s:56:13:56:38":7,"b:57:2:57:Infinity:undefined:undefined:undefined:undefined":0,"s:57:2:57:Infinity":8,"s:57:11:57:Infinity":9,"s:58:2:59:Infinity":10,"b:59:4:59:Infinity:undefined:undefined:undefined:undefined":1,"s:59:4:59:Infinity":11,"s:59:31:59:Infinity":12,"s:61:2:61:Infinity":13,"f:65:16:65:31":6,"s:66:13:66:38":14,"s:67:15:67:61":15,"f:67:29:67:34":7,"s:67:39:67:61":16,"b:68:2:68:Infinity:undefined:undefined:undefined:undefined":2,"s:68:2:68:Infinity":17,"s:68:12:68:Infinity":18,"s:70:2:70:Infinity":19}}}
,"/Users/codyparker/workspace/deck-checklist/src/utils/csvParser.ts": {"path":"/Users/codyparker/workspace/deck-checklist/src/utils/csvParser.ts","statementMap":{"0":{"start":{"line":5,"column":26},"end":{"line":5,"column":null}},"1":{"start":{"line":6,"column":26},"end":{"line":6,"column":null}},"2":{"start":{"line":7,"column":26},"end":{"line":7,"column":null}},"3":{"start":{"line":8,"column":26},"end":{"line":8,"column":null}},"4":{"start":{"line":9,"column":26},"end":{"line":9,"column":null}},"5":{"start":{"line":13,"column":27},"end":{"line":13,"column":29}},"6":{"start":{"line":14,"column":16},"end":{"line":14,"column":null}},"7":{"start":{"line":15,"column":17},"end":{"line":15,"column":null}},"8":{"start":{"line":17,"column":2},"end":{"line":30,"column":null}},"9":{"start":{"line":17,"column":15},"end":{"line":17,"column":18}},"10":{"start":{"line":18,"column":15},"end":{"line":18,"column":null}},"11":{"start":{"line":19,"column":4},"end":{"line":30,"column":null}},"12":{"start":{"line":20,"column":6},"end":{"line":24,"column":null}},"13":{"start":{"line":21,"column":8},"end":{"line":21,"column":null}},"14":{"start":{"line":22,"column":8},"end":{"line":22,"column":null}},"15":{"start":{"line":24,"column":8},"end":{"line":24,"column":null}},"16":{"start":{"line":26,"column":15},"end":{"line":30,"column":null}},"17":{"start":{"line":27,"column":6},"end":{"line":27,"column":null}},"18":{"start":{"line":28,"column":6},"end":{"line":28,"column":null}},"19":{"start":{"line":30,"column":6},"end":{"line":30,"column":null}},"20":{"start":{"line":33,"column":2},"end":{"line":33,"column":null}},"21":{"start":{"line":34,"column":2},"end":{"line":34,"column":null}},"22":{"start":{"line":39,"column":18},"end":{"line":41,"column":43}},"23":{"start":{"line":40,"column":20},"end":{"line":40,"column":54}},"24":{"start":{"line":41,"column":23},"end":{"line":41,"column":42}},"25":{"start":{"line":43,"column":2},"end":{"line":48,"column":null}},"26":{"start":{"line":44,"column":4},"end":{"line":48,"column":null}},"27":{"start":{"line":46,"column":43},"end":{"line":46,"column":81}},"28":{"start":{"line":50,"column":2},"end":{"line":54,"column":null}},"29":{"start":{"line":51,"column":4},"end":{"line":54,"column":null}},"30":{"start":{"line":52,"column":72},"end":{"line":52,"column":76}},"31":{"start":{"line":56,"column":2},"end":{"line":56,"column":null}},"32":{"start":{"line":61,"column":18},"end":{"line":63,"column":43}},"33":{"start":{"line":62,"column":20},"end":{"line":62,"column":54}},"34":{"start":{"line":63,"column":23},"end":{"line":63,"column":42}},"35":{"start":{"line":64,"column":2},"end":{"line":64,"column":null}},"36":{"start":{"line":70,"column":15},"end":{"line":70,"column":80}},"37":{"start":{"line":71,"column":16},"end":{"line":71,"column":61}},"38":{"start":{"line":71,"column":45},"end":{"line":71,"column":61}},"39":{"start":{"line":73,"column":2},"end":{"line":74,"column":null}},"40":{"start":{"line":74,"column":4},"end":{"line":74,"column":null}},"41":{"start":{"line":77,"column":23},"end":{"line":77,"column":44}},"42":{"start":{"line":78,"column":23},"end":{"line":78,"column":76}},"43":{"start":{"line":79,"column":23},"end":{"line":79,"column":77}},"44":{"start":{"line":80,"column":23},"end":{"line":80,"column":70}},"45":{"start":{"line":81,"column":23},"end":{"line":81,"column":76}},"46":{"start":{"line":82,"column":23},"end":{"line":82,"column":71}},"47":{"start":{"line":84,"column":33},"end":{"line":84,"column":35}},"48":{"start":{"line":86,"column":2},"end":{"line":116,"column":null}},"49":{"start":{"line":86,"column":15},"end":{"line":86,"column":18}},"50":{"start":{"line":87,"column":22},"end":{"line":87,"column":43}},"51":{"start":{"line":88,"column":10},"end":{"line":88,"column":53}},"52":{"start":{"line":89,"column":10},"end":{"line":89,"column":53}},"53":{"start":{"line":91,"column":4},"end":{"line":91,"column":null}},"54":{"start":{"line":91,"column":18},"end":{"line":91,"column":null}},"55":{"start":{"line":93,"column":16},"end":{"line":93,"column":38}},"56":{"start":{"line":94,"column":4},"end":{"line":94,"column":null}},"57":{"start":{"line":94,"column":32},"end":{"line":94,"column":null}},"58":{"start":{"line":97,"column":17},"end":{"line":97,"column":null}},"59":{"start":{"line":98,"column":17},"end":{"line":98,"column":35}},"60":{"start":{"line":100,"column":28},"end":{"line":100,"column":null}},"61":{"start":{"line":101,"column":28},"end":{"line":101,"column":null}},"62":{"start":{"line":102,"column":28},"end":{"line":102,"column":null}},"63":{"start":{"line":103,"column":28},"end":{"line":104,"column":null}},"64":{"start":{"line":107,"column":21},"end":{"line":107,"column":42}},"65":{"start":{"line":108,"column":18},"end":{"line":109,"column":null}},"66":{"start":{"line":109,"column":11},"end":{"line":109,"column":null}},"67":{"start":{"line":111,"column":4},"end":{"line":114,"column":null}},"68":{"start":{"line":112,"column":6},"end":{"line":112,"column":null}},"69":{"start":{"line":114,"column":6},"end":{"line":114,"column":null}},"70":{"start":{"line":116,"column":4},"end":{"line":116,"column":null}},"71":{"start":{"line":119,"column":2},"end":{"line":119,"column":null}},"72":{"start":{"line":129,"column":30},"end":{"line":129,"column":47}},"73":{"start":{"line":130,"column":2},"end":{"line":139,"column":null}},"74":{"start":{"line":131,"column":16},"end":{"line":131,"column":38}},"75":{"start":{"line":132,"column":21},"end":{"line":132,"column":73}},"76":{"start":{"line":133,"column":23},"end":{"line":133,"column":87}},"77":{"start":{"line":133,"column":47},"end":{"line":133,"column":87}},"78":{"start":{"line":134,"column":4},"end":{"line":137,"column":null}},"79":{"start":{"line":135,"column":6},"end":{"line":135,"column":null}},"80":{"start":{"line":137,"column":6},"end":{"line":137,"column":null}},"81":{"start":{"line":139,"column":4},"end":{"line":139,"column":null}},"82":{"start":{"line":141,"column":2},"end":{"line":141,"column":null}},"83":{"start":{"line":153,"column":2},"end":{"line":166,"column":null}},"84":{"start":{"line":154,"column":4},"end":{"line":154,"column":null}},"85":{"start":{"line":154,"column":29},"end":{"line":154,"column":null}},"86":{"start":{"line":156,"column":22},"end":{"line":156,"column":63}},"87":{"start":{"line":157,"column":16},"end":{"line":157,"column":65}},"88":{"start":{"line":157,"column":45},"end":{"line":157,"column":63}},"89":{"start":{"line":159,"column":4},"end":{"line":160,"column":null}},"90":{"start":{"line":160,"column":6},"end":{"line":160,"column":null}},"91":{"start":{"line":162,"column":4},"end":{"line":163,"column":null}},"92":{"start":{"line":163,"column":6},"end":{"line":163,"column":null}},"93":{"start":{"line":165,"column":4},"end":{"line":165,"column":null}}},"fnMap":{"0":{"name":"parseCSVRow","decl":{"start":{"line":12,"column":9},"end":{"line":12,"column":21}},"loc":{"start":{"line":12,"column":44},"end":{"line":34,"column":null}},"line":12},"1":{"name":"detectColumn","decl":{"start":{"line":38,"column":9},"end":{"line":38,"column":22}},"loc":{"start":{"line":38,"column":83},"end":{"line":56,"column":null}},"line":38},"2":{"name":"(anonymous_2)","decl":{"start":{"line":40,"column":5},"end":{"line":40,"column":10}},"loc":{"start":{"line":40,"column":20},"end":{"line":40,"column":54}},"line":40},"3":{"name":"(anonymous_3)","decl":{"start":{"line":41,"column":5},"end":{"line":41,"column":13}},"loc":{"start":{"line":41,"column":23},"end":{"line":41,"column":42}},"line":41},"4":{"name":"(anonymous_4)","decl":{"start":{"line":46,"column":34},"end":{"line":46,"column":38}},"loc":{"start":{"line":46,"column":43},"end":{"line":46,"column":81}},"line":46},"5":{"name":"(anonymous_5)","decl":{"start":{"line":52,"column":63},"end":{"line":52,"column":67}},"loc":{"start":{"line":52,"column":72},"end":{"line":52,"column":76}},"line":52},"6":{"name":"detectColumnOptional","decl":{"start":{"line":60,"column":9},"end":{"line":60,"column":30}},"loc":{"start":{"line":60,"column":76},"end":{"line":64,"column":null}},"line":60},"7":{"name":"(anonymous_7)","decl":{"start":{"line":62,"column":5},"end":{"line":62,"column":10}},"loc":{"start":{"line":62,"column":20},"end":{"line":62,"column":54}},"line":62},"8":{"name":"(anonymous_8)","decl":{"start":{"line":63,"column":5},"end":{"line":63,"column":13}},"loc":{"start":{"line":63,"column":23},"end":{"line":63,"column":42}},"line":63},"9":{"name":"parseCollectionCSV","decl":{"start":{"line":68,"column":16},"end":{"line":68,"column":35}},"loc":{"start":{"line":68,"column":60},"end":{"line":119,"column":null}},"line":68},"10":{"name":"(anonymous_10)","decl":{"start":{"line":71,"column":33},"end":{"line":71,"column":40}},"loc":{"start":{"line":71,"column":45},"end":{"line":71,"column":61}},"line":71},"11":{"name":"(anonymous_11)","decl":{"start":{"line":108,"column":27},"end":{"line":108,"column":null}},"loc":{"start":{"line":109,"column":11},"end":{"line":109,"column":null}},"line":109},"12":{"name":"mergeOrderCardsIntoCollection","decl":{"start":{"line":125,"column":16},"end":{"line":125,"column":null}},"loc":{"start":{"line":128,"column":14},"end":{"line":141,"column":null}},"line":128},"13":{"name":"(anonymous_13)","decl":{"start":{"line":133,"column":32},"end":{"line":133,"column":42}},"loc":{"start":{"line":133,"column":47},"end":{"line":133,"column":87}},"line":133},"14":{"name":"applyCollectionToCards","decl":{"start":{"line":147,"column":16},"end":{"line":147,"column":null}},"loc":{"start":{"line":152,"column":44},"end":{"line":166,"column":null}},"line":152},"15":{"name":"(anonymous_15)","decl":{"start":{"line":153,"column":15},"end":{"line":153,"column":19}},"loc":{"start":{"line":153,"column":27},"end":{"line":166,"column":null}},"line":153},"16":{"name":"(anonymous_16)","decl":{"start":{"line":157,"column":26},"end":{"line":157,"column":34}},"loc":{"start":{"line":157,"column":45},"end":{"line":157,"column":63}},"line":157}},"branchMap":{"0":{"loc":{"start":{"line":19,"column":4},"end":{"line":30,"column":null}},"type":"if","locations":[{"start":{"line":19,"column":4},"end":{"line":30,"column":null}},{"start":{"line":26,"column":15},"end":{"line":30,"column":null}}],"line":19},"1":{"loc":{"start":{"line":20,"column":6},"end":{"line":24,"column":null}},"type":"if","locations":[{"start":{"line":20,"column":6},"end":{"line":24,"column":null}},{"start":{"line":23,"column":13},"end":{"line":24,"column":null}}],"line":20},"2":{"loc":{"start":{"line":20,"column":10},"end":{"line":20,"column":42}},"type":"binary-expr","locations":[{"start":{"line":20,"column":10},"end":{"line":20,"column":22}},{"start":{"line":20,"column":22},"end":{"line":20,"column":42}}],"line":20},"3":{"loc":{"start":{"line":26,"column":15},"end":{"line":30,"column":null}},"type":"if","locations":[{"start":{"line":26,"column":15},"end":{"line":30,"column":null}},{"start":{"line":29,"column":11},"end":{"line":30,"column":null}}],"line":26},"4":{"loc":{"start":{"line":26,"column":15},"end":{"line":26,"column":40}},"type":"binary-expr","locations":[{"start":{"line":26,"column":15},"end":{"line":26,"column":29}},{"start":{"line":26,"column":29},"end":{"line":26,"column":40}}],"line":26},"5":{"loc":{"start":{"line":43,"column":2},"end":{"line":48,"column":null}},"type":"if","locations":[{"start":{"line":43,"column":2},"end":{"line":48,"column":null}},{"start":{},"end":{}}],"line":43},"6":{"loc":{"start":{"line":50,"column":2},"end":{"line":54,"column":null}},"type":"if","locations":[{"start":{"line":50,"column":2},"end":{"line":54,"column":null}},{"start":{},"end":{}}],"line":50},"7":{"loc":{"start":{"line":64,"column":9},"end":{"line":64,"column":null}},"type":"cond-expr","locations":[{"start":{"line":64,"column":32},"end":{"line":64,"column":47}},{"start":{"line":64,"column":47},"end":{"line":64,"column":null}}],"line":64},"8":{"loc":{"start":{"line":73,"column":2},"end":{"line":74,"column":null}},"type":"if","locations":[{"start":{"line":73,"column":2},"end":{"line":74,"column":null}},{"start":{},"end":{}}],"line":73},"9":{"loc":{"start":{"line":88,"column":23},"end":{"line":88,"column":47}},"type":"binary-expr","locations":[{"start":{"line":88,"column":23},"end":{"line":88,"column":43}},{"start":{"line":88,"column":43},"end":{"line":88,"column":47}}],"line":88},"10":{"loc":{"start":{"line":89,"column":23},"end":{"line":89,"column":47}},"type":"binary-expr","locations":[{"start":{"line":89,"column":23},"end":{"line":89,"column":43}},{"start":{"line":89,"column":43},"end":{"line":89,"column":47}}],"line":89},"11":{"loc":{"start":{"line":91,"column":4},"end":{"line":91,"column":null}},"type":"if","locations":[{"start":{"line":91,"column":4},"end":{"line":91,"column":null}},{"start":{},"end":{}}],"line":91},"12":{"loc":{"start":{"line":94,"column":4},"end":{"line":94,"column":null}},"type":"if","locations":[{"start":{"line":94,"column":4},"end":{"line":94,"column":null}},{"start":{},"end":{}}],"line":94},"13":{"loc":{"start":{"line":94,"column":8},"end":{"line":94,"column":32}},"type":"binary-expr","locations":[{"start":{"line":94,"column":8},"end":{"line":94,"column":18}},{"start":{"line":94,"column":22},"end":{"line":94,"column":32}}],"line":94},"14":{"loc":{"start":{"line":97,"column":17},"end":{"line":97,"column":null}},"type":"cond-expr","locations":[{"start":{"line":97,"column":41},"end":{"line":97,"column":69}},{"start":{"line":97,"column":72},"end":{"line":97,"column":null}}],"line":97},"15":{"loc":{"start":{"line":100,"column":28},"end":{"line":100,"column":null}},"type":"cond-expr","locations":[{"start":{"line":100,"column":44},"end":{"line":100,"column":113}},{"start":{"line":100,"column":113},"end":{"line":100,"column":null}}],"line":100},"16":{"loc":{"start":{"line":100,"column":44},"end":{"line":100,"column":113}},"type":"binary-expr","locations":[{"start":{"line":100,"column":44},"end":{"line":100,"column":97}},{"start":{"line":100,"column":101},"end":{"line":100,"column":113}}],"line":100},"17":{"loc":{"start":{"line":100,"column":49},"end":{"line":100,"column":77}},"type":"binary-expr","locations":[{"start":{"line":100,"column":49},"end":{"line":100,"column":73}},{"start":{"line":100,"column":73},"end":{"line":100,"column":77}}],"line":100},"18":{"loc":{"start":{"line":101,"column":28},"end":{"line":101,"column":null}},"type":"cond-expr","locations":[{"start":{"line":101,"column":44},"end":{"line":101,"column":99}},{"start":{"line":101,"column":99},"end":{"line":101,"column":null}}],"line":101},"19":{"loc":{"start":{"line":101,"column":44},"end":{"line":101,"column":99}},"type":"binary-expr","locations":[{"start":{"line":101,"column":44},"end":{"line":101,"column":83}},{"start":{"line":101,"column":87},"end":{"line":101,"column":99}}],"line":101},"20":{"loc":{"start":{"line":101,"column":49},"end":{"line":101,"column":77}},"type":"binary-expr","locations":[{"start":{"line":101,"column":49},"end":{"line":101,"column":73}},{"start":{"line":101,"column":73},"end":{"line":101,"column":77}}],"line":101},"21":{"loc":{"start":{"line":102,"column":28},"end":{"line":102,"column":null}},"type":"cond-expr","locations":[{"start":{"line":102,"column":44},"end":{"line":102,"column":97}},{"start":{"line":102,"column":100},"end":{"line":102,"column":null}}],"line":102},"22":{"loc":{"start":{"line":102,"column":49},"end":{"line":102,"column":77}},"type":"binary-expr","locations":[{"start":{"line":102,"column":49},"end":{"line":102,"column":73}},{"start":{"line":102,"column":73},"end":{"line":102,"column":77}}],"line":102},"23":{"loc":{"start":{"line":103,"column":28},"end":{"line":104,"column":null}},"type":"cond-expr","locations":[{"start":{"line":104,"column":73},"end":{"line":104,"column":80}},{"start":{"line":104,"column":80},"end":{"line":104,"column":null}}],"line":103},"24":{"loc":{"start":{"line":103,"column":28},"end":{"line":104,"column":73}},"type":"binary-expr","locations":[{"start":{"line":103,"column":28},"end":{"line":103,"column":50}},{"start":{"line":103,"column":50},"end":{"line":103,"column":71}},{"start":{"line":103,"column":71},"end":{"line":103,"column":null}},{"start":{"line":104,"column":28},"end":{"line":104,"column":50}},{"start":{"line":104,"column":50},"end":{"line":104,"column":73}}],"line":103},"25":{"loc":{"start":{"line":107,"column":21},"end":{"line":107,"column":42}},"type":"binary-expr","locations":[{"start":{"line":107,"column":21},"end":{"line":107,"column":40}},{"start":{"line":107,"column":40},"end":{"line":107,"column":42}}],"line":107},"26":{"loc":{"start":{"line":109,"column":11},"end":{"line":109,"column":null}},"type":"binary-expr","locations":[{"start":{"line":109,"column":11},"end":{"line":109,"column":28}},{"start":{"line":109,"column":28},"end":{"line":109,"column":69}},{"start":{"line":109,"column":69},"end":{"line":109,"column":null}}],"line":109},"27":{"loc":{"start":{"line":111,"column":4},"end":{"line":114,"column":null}},"type":"if","locations":[{"start":{"line":111,"column":4},"end":{"line":114,"column":null}},{"start":{"line":113,"column":11},"end":{"line":114,"column":null}}],"line":111},"28":{"loc":{"start":{"line":132,"column":21},"end":{"line":132,"column":73}},"type":"cond-expr","locations":[{"start":{"line":132,"column":51},"end":{"line":132,"column":68}},{"start":{"line":132,"column":71},"end":{"line":132,"column":73}}],"line":132},"29":{"loc":{"start":{"line":133,"column":47},"end":{"line":133,"column":87}},"type":"binary-expr","locations":[{"start":{"line":133,"column":47},"end":{"line":133,"column":57}},{"start":{"line":133,"column":57},"end":{"line":133,"column":79}},{"start":{"line":133,"column":79},"end":{"line":133,"column":87}}],"line":133},"30":{"loc":{"start":{"line":134,"column":4},"end":{"line":137,"column":null}},"type":"if","locations":[{"start":{"line":134,"column":4},"end":{"line":137,"column":null}},{"start":{"line":136,"column":11},"end":{"line":137,"column":null}}],"line":134},"31":{"loc":{"start":{"line":154,"column":4},"end":{"line":154,"column":null}},"type":"if","locations":[{"start":{"line":154,"column":4},"end":{"line":154,"column":null}},{"start":{},"end":{}}],"line":154},"32":{"loc":{"start":{"line":156,"column":22},"end":{"line":156,"column":63}},"type":"binary-expr","locations":[{"start":{"line":156,"column":22},"end":{"line":156,"column":61}},{"start":{"line":156,"column":61},"end":{"line":156,"column":63}}],"line":156},"33":{"loc":{"start":{"line":159,"column":4},"end":{"line":160,"column":null}},"type":"if","locations":[{"start":{"line":159,"column":4},"end":{"line":160,"column":null}},{"start":{},"end":{}}],"line":159},"34":{"loc":{"start":{"line":159,"column":8},"end":{"line":159,"column":57}},"type":"binary-expr","locations":[{"start":{"line":159,"column":8},"end":{"line":159,"column":32}},{"start":{"line":159,"column":32},"end":{"line":159,"column":57}}],"line":159},"35":{"loc":{"start":{"line":162,"column":4},"end":{"line":163,"column":null}},"type":"if","locations":[{"start":{"line":162,"column":4},"end":{"line":163,"column":null}},{"start":{},"end":{}}],"line":162},"36":{"loc":{"start":{"line":162,"column":8},"end":{"line":162,"column":56}},"type":"binary-expr","locations":[{"start":{"line":162,"column":8},"end":{"line":162,"column":31}},{"start":{"line":162,"column":31},"end":{"line":162,"column":56}}],"line":162}},"s":{"0":3,"1":3,"2":3,"3":3,"4":3,"5":37,"6":37,"7":37,"8":37,"9":37,"10":603,"11":603,"12":6,"13":2,"14":2,"15":4,"16":597,"17":60,"18":60,"19":537,"20":37,"21":37,"22":31,"23":80,"24":80,"25":31,"26":2,"27":9,"28":29,"29":1,"30":2,"31":28,"32":39,"33":102,"34":102,"35":39,"36":17,"37":17,"38":41,"39":17,"40":1,"41":16,"42":16,"43":16,"44":16,"45":16,"46":16,"47":16,"48":16,"49":16,"50":21,"51":21,"52":21,"53":21,"54":1,"55":20,"56":20,"57":2,"58":18,"59":21,"60":21,"61":21,"62":21,"63":21,"64":21,"65":21,"66":2,"67":21,"68":1,"69":17,"70":18,"71":21,"72":6,"73":6,"74":7,"75":7,"76":7,"77":3,"78":7,"79":2,"80":5,"81":7,"82":6,"83":12,"84":12,"85":2,"86":10,"87":12,"88":10,"89":12,"90":6,"91":4,"92":1,"93":3},"f":{"0":37,"1":31,"2":80,"3":80,"4":9,"5":2,"6":39,"7":102,"8":102,"9":17,"10":41,"11":2,"12":6,"13":3,"14":12,"15":12,"16":10},"b":{"0":[6,597],"1":[2,4],"2":[6,4],"3":[60,537],"4":[597,61],"5":[2,29],"6":[1,28],"7":[8,31],"8":[1,16],"9":[21,0],"10":[21,0],"11":[1,20],"12":[2,18],"13":[20,20],"14":[1,17],"15":[6,12],"16":[6,0],"17":[6,0],"18":[3,15],"19":[3,0],"20":[3,0],"21":[5,13],"22":[5,0],"23":[4,14],"24":[21,16,15,14,14],"25":[21,16],"26":[2,1,1],"27":[1,17],"28":[3,4],"29":[3,2,2],"30":[2,5],"31":[2,10],"32":[10,1],"33":[6,6],"34":[12,6],"35":[1,3],"36":[4,4]},"meta":{"lastBranch":37,"lastFunction":17,"lastStatement":94,"seen":{"s:5:26:5:Infinity":0,"s:6:26:6:Infinity":1,"s:7:26:7:Infinity":2,"s:8:26:8:Infinity":3,"s:9:26:9:Infinity":4,"f:12:9:12:21":0,"s:13:27:13:29":5,"s:14:16:14:Infinity":6,"s:15:17:15:Infinity":7,"s:17:2:30:Infinity":8,"s:17:15:17:18":9,"s:18:15:18:Infinity":10,"b:19:4:30:Infinity:26:15:30:Infinity":0,"s:19:4:30:Infinity":11,"b:20:6:24:Infinity:23:13:24:Infinity":1,"s:20:6:24:Infinity":12,"b:20:10:20:22:20:22:20:42":2,"s:21:8:21:Infinity":13,"s:22:8:22:Infinity":14,"s:24:8:24:Infinity":15,"b:26:15:30:Infinity:29:11:30:Infinity":3,"s:26:15:30:Infinity":16,"b:26:15:26:29:26:29:26:40":4,"s:27:6:27:Infinity":17,"s:28:6:28:Infinity":18,"s:30:6:30:Infinity":19,"s:33:2:33:Infinity":20,"s:34:2:34:Infinity":21,"f:38:9:38:22":1,"s:39:18:41:43":22,"f:40:5:40:10":2,"s:40:20:40:54":23,"f:41:5:41:13":3,"s:41:23:41:42":24,"b:43:2:48:Infinity:undefined:undefined:undefined:undefined":5,"s:43:2:48:Infinity":25,"s:44:4:48:Infinity":26,"f:46:34:46:38":4,"s:46:43:46:81":27,"b:50:2:54:Infinity:undefined:undefined:undefined:undefined":6,"s:50:2:54:Infinity":28,"s:51:4:54:Infinity":29,"f:52:63:52:67":5,"s:52:72:52:76":30,"s:56:2:56:Infinity":31,"f:60:9:60:30":6,"s:61:18:63:43":32,"f:62:5:62:10":7,"s:62:20:62:54":33,"f:63:5:63:13":8,"s:63:23:63:42":34,"s:64:2:64:Infinity":35,"b:64:32:64:47:64:47:64:Infinity":7,"f:68:16:68:35":9,"s:70:15:70:80":36,"s:71:16:71:61":37,"f:71:33:71:40":10,"s:71:45:71:61":38,"b:73:2:74:Infinity:undefined:undefined:undefined:undefined":8,"s:73:2:74:Infinity":39,"s:74:4:74:Infinity":40,"s:77:23:77:44":41,"s:78:23:78:76":42,"s:79:23:79:77":43,"s:80:23:80:70":44,"s:81:23:81:76":45,"s:82:23:82:71":46,"s:84:33:84:35":47,"s:86:2:116:Infinity":48,"s:86:15:86:18":49,"s:87:22:87:43":50,"s:88:10:88:53":51,"b:88:23:88:43:88:43:88:47":9,"s:89:10:89:53":52,"b:89:23:89:43:89:43:89:47":10,"b:91:4:91:Infinity:undefined:undefined:undefined:undefined":11,"s:91:4:91:Infinity":53,"s:91:18:91:Infinity":54,"s:93:16:93:38":55,"b:94:4:94:Infinity:undefined:undefined:undefined:undefined":12,"s:94:4:94:Infinity":56,"b:94:8:94:18:94:22:94:32":13,"s:94:32:94:Infinity":57,"s:97:17:97:Infinity":58,"b:97:41:97:69:97:72:97:Infinity":14,"s:98:17:98:35":59,"s:100:28:100:Infinity":60,"b:100:44:100:113:100:113:100:Infinity":15,"b:100:44:100:97:100:101:100:113":16,"b:100:49:100:73:100:73:100:77":17,"s:101:28:101:Infinity":61,"b:101:44:101:99:101:99:101:Infinity":18,"b:101:44:101:83:101:87:101:99":19,"b:101:49:101:73:101:73:101:77":20,"s:102:28:102:Infinity":62,"b:102:44:102:97:102:100:102:Infinity":21,"b:102:49:102:73:102:73:102:77":22,"s:103:28:104:Infinity":63,"b:104:73:104:80:104:80:104:Infinity":23,"b:103:28:103:50:103:50:103:71:103:71:103:Infinity:104:28:104:50:104:50:104:73":24,"s:107:21:107:42":64,"b:107:21:107:40:107:40:107:42":25,"s:108:18:109:Infinity":65,"f:108:27:108:Infinity":11,"s:109:11:109:Infinity":66,"b:109:11:109:28:109:28:109:69:109:69:109:Infinity":26,"b:111:4:114:Infinity:113:11:114:Infinity":27,"s:111:4:114:Infinity":67,"s:112:6:112:Infinity":68,"s:114:6:114:Infinity":69,"s:116:4:116:Infinity":70,"s:119:2:119:Infinity":71,"f:125:16:125:Infinity":12,"s:129:30:129:47":72,"s:130:2:139:Infinity":73,"s:131:16:131:38":74,"s:132:21:132:73":75,"b:132:51:132:68:132:71:132:73":28,"s:133:23:133:87":76,"f:133:32:133:42":13,"s:133:47:133:87":77,"b:133:47:133:57:133:57:133:79:133:79:133:87":29,"b:134:4:137:Infinity:136:11:137:Infinity":30,"s:134:4:137:Infinity":78,"s:135:6:135:Infinity":79,"s:137:6:137:Infinity":80,"s:139:4:139:Infinity":81,"s:141:2:141:Infinity":82,"f:147:16:147:Infinity":14,"s:153:2:166:Infinity":83,"f:153:15:153:19":15,"b:154:4:154:Infinity:undefined:undefined:undefined:undefined":31,"s:154:4:154:Infinity":84,"s:154:29:154:Infinity":85,"s:156:22:156:63":86,"b:156:22:156:61:156:61:156:63":32,"s:157:16:157:65":87,"f:157:26:157:34":16,"s:157:45:157:63":88,"b:159:4:160:Infinity:undefined:undefined:undefined:undefined":33,"s:159:4:160:Infinity":89,"b:159:8:159:32:159:32:159:57":34,"s:160:6:160:Infinity":90,"b:162:4:163:Infinity:undefined:undefined:undefined:undefined":35,"s:162:4:163:Infinity":91,"b:162:8:162:31:162:31:162:56":36,"s:163:6:163:Infinity":92,"s:165:4:165:Infinity":93}}}
,"/Users/codyparker/workspace/deck-checklist/src/utils/deckUtils.ts": {"path":"/Users/codyparker/workspace/deck-checklist/src/utils/deckUtils.ts","statementMap":{"0":{"start":{"line":8,"column":15},"end":{"line":8,"column":32}},"1":{"start":{"line":9,"column":2},"end":{"line":11,"column":null}},"2":{"start":{"line":10,"column":4},"end":{"line":11,"column":null}},"3":{"start":{"line":11,"column":6},"end":{"line":11,"column":null}},"4":{"start":{"line":11,"column":53},"end":{"line":11,"column":null}},"5":{"start":{"line":14,"column":2},"end":{"line":14,"column":null}},"6":{"start":{"line":14,"column":47},"end":{"line":14,"column":58}},"7":{"start":{"line":22,"column":15},"end":{"line":22,"column":50}},"8":{"start":{"line":23,"column":2},"end":{"line":23,"column":null}},"9":{"start":{"line":23,"column":18},"end":{"line":23,"column":null}},"10":{"start":{"line":24,"column":2},"end":{"line":24,"column":null}},"11":{"start":{"line":24,"column":18},"end":{"line":24,"column":null}},"12":{"start":{"line":25,"column":2},"end":{"line":25,"column":null}},"13":{"start":{"line":25,"column":16},"end":{"line":25,"column":null}},"14":{"start":{"line":26,"column":2},"end":{"line":26,"column":null}},"15":{"start":{"line":26,"column":17},"end":{"line":26,"column":null}},"16":{"start":{"line":27,"column":2},"end":{"line":27,"column":null}},"17":{"start":{"line":34,"column":2},"end":{"line":37,"column":null}},"18":{"start":{"line":35,"column":4},"end":{"line":35,"column":null}},"19":{"start":{"line":37,"column":4},"end":{"line":37,"column":null}}},"fnMap":{"0":{"name":"getDeckColorIdentity","decl":{"start":{"line":7,"column":16},"end":{"line":7,"column":37}},"loc":{"start":{"line":7,"column":59},"end":{"line":14,"column":null}},"line":7},"1":{"name":"(anonymous_1)","decl":{"start":{"line":14,"column":35},"end":{"line":14,"column":42}},"loc":{"start":{"line":14,"column":47},"end":{"line":14,"column":58}},"line":14},"2":{"name":"formatRelativeDate","decl":{"start":{"line":21,"column":16},"end":{"line":21,"column":35}},"loc":{"start":{"line":21,"column":73},"end":{"line":27,"column":null}},"line":21},"3":{"name":"getDeckDomain","decl":{"start":{"line":33,"column":16},"end":{"line":33,"column":30}},"loc":{"start":{"line":33,"column":51},"end":{"line":37,"column":null}},"line":33}},"branchMap":{"0":{"loc":{"start":{"line":11,"column":6},"end":{"line":11,"column":null}},"type":"if","locations":[{"start":{"line":11,"column":6},"end":{"line":11,"column":null}},{"start":{},"end":{}}],"line":11},"1":{"loc":{"start":{"line":11,"column":10},"end":{"line":11,"column":53}},"type":"binary-expr","locations":[{"start":{"line":11,"column":10},"end":{"line":11,"column":31}},{"start":{"line":11,"column":35},"end":{"line":11,"column":53}}],"line":11},"2":{"loc":{"start":{"line":21,"column":47},"end":{"line":21,"column":63}},"type":"default-arg","locations":[{"start":{"line":21,"column":53},"end":{"line":21,"column":63}}],"line":21},"3":{"loc":{"start":{"line":23,"column":2},"end":{"line":23,"column":null}},"type":"if","locations":[{"start":{"line":23,"column":2},"end":{"line":23,"column":null}},{"start":{},"end":{}}],"line":23},"4":{"loc":{"start":{"line":24,"column":2},"end":{"line":24,"column":null}},"type":"if","locations":[{"start":{"line":24,"column":2},"end":{"line":24,"column":null}},{"start":{},"end":{}}],"line":24},"5":{"loc":{"start":{"line":25,"column":2},"end":{"line":25,"column":null}},"type":"if","locations":[{"start":{"line":25,"column":2},"end":{"line":25,"column":null}},{"start":{},"end":{}}],"line":25},"6":{"loc":{"start":{"line":26,"column":2},"end":{"line":26,"column":null}},"type":"if","locations":[{"start":{"line":26,"column":2},"end":{"line":26,"column":null}},{"start":{},"end":{}}],"line":26},"7":{"loc":{"start":{"line":35,"column":19},"end":{"line":35,"column":67}},"type":"cond-expr","locations":[{"start":{"line":35,"column":44},"end":{"line":35,"column":50}},{"start":{"line":35,"column":50},"end":{"line":35,"column":67}}],"line":35}},"s":{"0":7,"1":7,"2":15,"3":17,"4":14,"5":7,"6":35,"7":11,"8":11,"9":2,"10":9,"11":9,"12":8,"13":8,"14":6,"15":6,"16":3,"17":4,"18":4,"19":1},"f":{"0":7,"1":35,"2":11,"3":4},"b":{"0":[14,3],"1":[17,15],"2":[11],"3":[2,9],"4":[1,8],"5":[2,6],"6":[3,3],"7":[2,2]},"meta":{"lastBranch":8,"lastFunction":4,"lastStatement":20,"seen":{"f:7:16:7:37":0,"s:8:15:8:32":0,"s:9:2:11:Infinity":1,"s:10:4:11:Infinity":2,"b:11:6:11:Infinity:undefined:undefined:undefined:undefined":0,"s:11:6:11:Infinity":3,"b:11:10:11:31:11:35:11:53":1,"s:11:53:11:Infinity":4,"s:14:2:14:Infinity":5,"f:14:35:14:42":1,"s:14:47:14:58":6,"f:21:16:21:35":2,"b:21:53:21:63":2,"s:22:15:22:50":7,"b:23:2:23:Infinity:undefined:undefined:undefined:undefined":3,"s:23:2:23:Infinity":8,"s:23:18:23:Infinity":9,"b:24:2:24:Infinity:undefined:undefined:undefined:undefined":4,"s:24:2:24:Infinity":10,"s:24:18:24:Infinity":11,"b:25:2:25:Infinity:undefined:undefined:undefined:undefined":5,"s:25:2:25:Infinity":12,"s:25:16:25:Infinity":13,"b:26:2:26:Infinity:undefined:undefined:undefined:undefined":6,"s:26:2:26:Infinity":14,"s:26:17:26:Infinity":15,"s:27:2:27:Infinity":16,"f:33:16:33:30":3,"s:34:2:37:Infinity":17,"s:35:4:35:Infinity":18,"b:35:44:35:50:35:50:35:67":7,"s:37:4:37:Infinity":19}}}
,"/Users/codyparker/workspace/deck-checklist/src/utils/dualface.ts": {"path":"/Users/codyparker/workspace/deck-checklist/src/utils/dualface.ts","statementMap":{"0":{"start":{"line":4,"column":2},"end":{"line":4,"column":null}},"1":{"start":{"line":8,"column":2},"end":{"line":8,"column":null}}},"fnMap":{"0":{"name":"getFrontFaceName","decl":{"start":{"line":3,"column":16},"end":{"line":3,"column":33}},"loc":{"start":{"line":3,"column":63},"end":{"line":4,"column":null}},"line":3},"1":{"name":"isDualFace","decl":{"start":{"line":7,"column":16},"end":{"line":7,"column":27}},"loc":{"start":{"line":7,"column":56},"end":{"line":8,"column":null}},"line":7}},"branchMap":{"0":{"loc":{"start":{"line":8,"column":9},"end":{"line":8,"column":null}},"type":"binary-expr","locations":[{"start":{"line":8,"column":9},"end":{"line":8,"column":33}},{"start":{"line":8,"column":37},"end":{"line":8,"column":null}}],"line":8}},"s":{"0":9,"1":189},"f":{"0":9,"1":189},"b":{"0":[189,8]},"meta":{"lastBranch":1,"lastFunction":2,"lastStatement":2,"seen":{"f:3:16:3:33":0,"s:4:2:4:Infinity":0,"f:7:16:7:27":1,"s:8:2:8:Infinity":1,"b:8:9:8:33:8:37:8:Infinity":0}}}
,"/Users/codyparker/workspace/deck-checklist/src/utils/parser.ts": {"path":"/Users/codyparker/workspace/deck-checklist/src/utils/parser.ts","statementMap":{"0":{"start":{"line":2,"column":16},"end":{"line":2,"column":33}},"1":{"start":{"line":3,"column":52},"end":{"line":3,"column":54}},"2":{"start":{"line":5,"column":2},"end":{"line":28,"column":null}},"3":{"start":{"line":6,"column":24},"end":{"line":6,"column":35}},"4":{"start":{"line":7,"column":4},"end":{"line":8,"column":null}},"5":{"start":{"line":8,"column":6},"end":{"line":8,"column":null}},"6":{"start":{"line":11,"column":18},"end":{"line":11,"column":57}},"7":{"start":{"line":12,"column":4},"end":{"line":28,"column":null}},"8":{"start":{"line":13,"column":20},"end":{"line":13,"column":42}},"9":{"start":{"line":14,"column":17},"end":{"line":14,"column":32}},"10":{"start":{"line":20,"column":6},"end":{"line":20,"column":null}},"11":{"start":{"line":26,"column":6},"end":{"line":26,"column":null}},"12":{"start":{"line":28,"column":6},"end":{"line":28,"column":null}},"13":{"start":{"line":28,"column":16},"end":{"line":28,"column":null}},"14":{"start":{"line":32,"column":2},"end":{"line":32,"column":null}}},"fnMap":{"0":{"name":"parseDecklist","decl":{"start":{"line":1,"column":16},"end":{"line":1,"column":30}},"loc":{"start":{"line":1,"column":80},"end":{"line":32,"column":null}},"line":1}},"branchMap":{"0":{"loc":{"start":{"line":7,"column":4},"end":{"line":8,"column":null}},"type":"if","locations":[{"start":{"line":7,"column":4},"end":{"line":8,"column":null}},{"start":{},"end":{}}],"line":7},"1":{"loc":{"start":{"line":7,"column":8},"end":{"line":7,"column":83}},"type":"binary-expr","locations":[{"start":{"line":7,"column":8},"end":{"line":7,"column":24}},{"start":{"line":7,"column":24},"end":{"line":7,"column":52}},{"start":{"line":7,"column":56},"end":{"line":7,"column":83}}],"line":7},"2":{"loc":{"start":{"line":12,"column":4},"end":{"line":28,"column":null}},"type":"if","locations":[{"start":{"line":12,"column":4},"end":{"line":28,"column":null}},{"start":{},"end":{}}],"line":12},"3":{"loc":{"start":{"line":28,"column":6},"end":{"line":28,"column":null}},"type":"if","locations":[{"start":{"line":28,"column":6},"end":{"line":28,"column":null}},{"start":{},"end":{}}],"line":28}},"s":{"0":15,"1":15,"2":15,"3":27,"4":27,"5":6,"6":21,"7":21,"8":20,"9":20,"10":20,"11":20,"12":20,"13":20,"14":15},"f":{"0":15},"b":{"0":[6,21],"1":[27,25,22],"2":[20,1],"3":[20,0]},"meta":{"lastBranch":4,"lastFunction":1,"lastStatement":15,"seen":{"f:1:16:1:30":0,"s:2:16:2:33":0,"s:3:52:3:54":1,"s:5:2:28:Infinity":2,"s:6:24:6:35":3,"b:7:4:8:Infinity:undefined:undefined:undefined:undefined":0,"s:7:4:8:Infinity":4,"b:7:8:7:24:7:24:7:52:7:56:7:83":1,"s:8:6:8:Infinity":5,"s:11:18:11:57":6,"b:12:4:28:Infinity:undefined:undefined:undefined:undefined":2,"s:12:4:28:Infinity":7,"s:13:20:13:42":8,"s:14:17:14:32":9,"s:20:6:20:Infinity":10,"s:26:6:26:Infinity":11,"b:28:6:28:Infinity:undefined:undefined:undefined:undefined":3,"s:28:6:28:Infinity":12,"s:28:16:28:Infinity":13,"s:32:2:32:Infinity":14}}}
,"/Users/codyparker/workspace/deck-checklist/src/utils/validator.ts": {"path":"/Users/codyparker/workspace/deck-checklist/src/utils/validator.ts","statementMap":{"0":{"start":{"line":31,"column":28},"end":{"line":31,"column":null}},"1":{"start":{"line":32,"column":32},"end":{"line":32,"column":null}},"2":{"start":{"line":33,"column":27},"end":{"line":33,"column":null}},"3":{"start":{"line":36,"column":14},"end":{"line":36,"column":84}},"4":{"start":{"line":37,"column":2},"end":{"line":37,"column":null}},"5":{"start":{"line":37,"column":15},"end":{"line":37,"column":null}},"6":{"start":{"line":38,"column":2},"end":{"line":38,"column":null}},"7":{"start":{"line":44,"column":14},"end":{"line":48,"column":4}},"8":{"start":{"line":49,"column":2},"end":{"line":51,"column":null}},"9":{"start":{"line":50,"column":17},"end":{"line":50,"column":33}},"10":{"start":{"line":51,"column":4},"end":{"line":51,"column":null}},"11":{"start":{"line":53,"column":2},"end":{"line":53,"column":null}},"12":{"start":{"line":71,"column":2},"end":{"line":71,"column":null}},"13":{"start":{"line":71,"column":12},"end":{"line":71,"column":null}},"14":{"start":{"line":72,"column":2},"end":{"line":72,"column":null}},"15":{"start":{"line":72,"column":33},"end":{"line":72,"column":null}},"16":{"start":{"line":73,"column":2},"end":{"line":73,"column":null}},"17":{"start":{"line":77,"column":8},"end":{"line":77,"column":40}},"18":{"start":{"line":78,"column":17},"end":{"line":83,"column":null}},"19":{"start":{"line":85,"column":22},"end":{"line":85,"column":null}},"20":{"start":{"line":86,"column":15},"end":{"line":86,"column":47}},"21":{"start":{"line":88,"column":2},"end":{"line":97,"column":null}},"22":{"start":{"line":114,"column":27},"end":{"line":114,"column":29}},"23":{"start":{"line":115,"column":38},"end":{"line":115,"column":40}},"24":{"start":{"line":117,"column":22},"end":{"line":117,"column":47}},"25":{"start":{"line":118,"column":2},"end":{"line":119,"column":null}},"26":{"start":{"line":119,"column":4},"end":{"line":119,"column":null}},"27":{"start":{"line":123,"column":15},"end":{"line":123,"column":32}},"28":{"start":{"line":124,"column":42},"end":{"line":124,"column":44}},"29":{"start":{"line":125,"column":2},"end":{"line":128,"column":null}},"30":{"start":{"line":126,"column":4},"end":{"line":128,"column":null}},"31":{"start":{"line":127,"column":6},"end":{"line":127,"column":null}},"32":{"start":{"line":128,"column":6},"end":{"line":128,"column":null}},"33":{"start":{"line":131,"column":16},"end":{"line":131,"column":null}},"34":{"start":{"line":132,"column":18},"end":{"line":132,"column":null}},"35":{"start":{"line":134,"column":2},"end":{"line":167,"column":null}},"36":{"start":{"line":134,"column":15},"end":{"line":134,"column":18}},"37":{"start":{"line":135,"column":18},"end":{"line":135,"column":63}},"38":{"start":{"line":136,"column":19},"end":{"line":136,"column":42}},"39":{"start":{"line":138,"column":4},"end":{"line":143,"column":null}},"40":{"start":{"line":139,"column":12},"end":{"line":141,"column":null}},"41":{"start":{"line":142,"column":23},"end":{"line":142,"column":null}},"42":{"start":{"line":143,"column":6},"end":{"line":143,"column":null}},"43":{"start":{"line":146,"column":4},"end":{"line":158,"column":null}},"44":{"start":{"line":147,"column":24},"end":{"line":147,"column":49}},"45":{"start":{"line":148,"column":6},"end":{"line":158,"column":null}},"46":{"start":{"line":149,"column":25},"end":{"line":149,"column":null}},"47":{"start":{"line":150,"column":21},"end":{"line":150,"column":60}},"48":{"start":{"line":151,"column":8},"end":{"line":151,"column":null}},"49":{"start":{"line":152,"column":8},"end":{"line":152,"column":null}},"50":{"start":{"line":154,"column":8},"end":{"line":158,"column":null}},"51":{"start":{"line":162,"column":4},"end":{"line":162,"column":null}},"52":{"start":{"line":163,"column":4},"end":{"line":163,"column":null}},"53":{"start":{"line":166,"column":4},"end":{"line":167,"column":null}},"54":{"start":{"line":167,"column":6},"end":{"line":167,"column":null}},"55":{"start":{"line":167,"column":29},"end":{"line":167,"column":47}},"56":{"start":{"line":171,"column":2},"end":{"line":171,"column":null}}},"fnMap":{"0":{"name":"fetchFuzzy","decl":{"start":{"line":35,"column":15},"end":{"line":35,"column":26}},"loc":{"start":{"line":35,"column":70},"end":{"line":38,"column":null}},"line":35},"1":{"name":"fetchBatch","decl":{"start":{"line":41,"column":15},"end":{"line":41,"column":null}},"loc":{"start":{"line":43,"column":39},"end":{"line":53,"column":null}},"line":43},"2":{"name":"pickCardColors","decl":{"start":{"line":64,"column":16},"end":{"line":64,"column":null}},"loc":{"start":{"line":70,"column":12},"end":{"line":73,"column":null}},"line":70},"3":{"name":"scryfallCardToCard","decl":{"start":{"line":76,"column":9},"end":{"line":76,"column":28}},"loc":{"start":{"line":76,"column":70},"end":{"line":97,"column":null}},"line":76},"4":{"name":"validateDecklist","decl":{"start":{"line":110,"column":22},"end":{"line":110,"column":null}},"loc":{"start":{"line":113,"column":29},"end":{"line":171,"column":null}},"line":113},"5":{"name":"(anonymous_5)","decl":{"start":{"line":167,"column":16},"end":{"line":167,"column":24}},"loc":{"start":{"line":167,"column":29},"end":{"line":167,"column":47}},"line":167}},"branchMap":{"0":{"loc":{"start":{"line":37,"column":2},"end":{"line":37,"column":null}},"type":"if","locations":[{"start":{"line":37,"column":2},"end":{"line":37,"column":null}},{"start":{},"end":{}}],"line":37},"1":{"loc":{"start":{"line":49,"column":2},"end":{"line":51,"column":null}},"type":"if","locations":[{"start":{"line":49,"column":2},"end":{"line":51,"column":null}},{"start":{},"end":{}}],"line":49},"2":{"loc":{"start":{"line":51,"column":20},"end":{"line":51,"column":66}},"type":"binary-expr","locations":[{"start":{"line":51,"column":20},"end":{"line":51,"column":35}},{"start":{"line":51,"column":35},"end":{"line":51,"column":66}}],"line":51},"3":{"loc":{"start":{"line":71,"column":2},"end":{"line":71,"column":null}},"type":"if","locations":[{"start":{"line":71,"column":2},"end":{"line":71,"column":null}},{"start":{},"end":{}}],"line":71},"4":{"loc":{"start":{"line":71,"column":19},"end":{"line":71,"column":null}},"type":"binary-expr","locations":[{"start":{"line":71,"column":19},"end":{"line":71,"column":38}},{"start":{"line":71,"column":38},"end":{"line":71,"column":null}}],"line":71},"5":{"loc":{"start":{"line":72,"column":2},"end":{"line":72,"column":null}},"type":"if","locations":[{"start":{"line":72,"column":2},"end":{"line":72,"column":null}},{"start":{},"end":{}}],"line":72},"6":{"loc":{"start":{"line":73,"column":9},"end":{"line":73,"column":null}},"type":"binary-expr","locations":[{"start":{"line":73,"column":9},"end":{"line":73,"column":19}},{"start":{"line":73,"column":19},"end":{"line":73,"column":null}}],"line":73},"7":{"loc":{"start":{"line":83,"column":4},"end":{"line":83,"column":null}},"type":"cond-expr","locations":[{"start":{"line":83,"column":11},"end":{"line":83,"column":38}},{"start":{"line":83,"column":38},"end":{"line":83,"column":null}}],"line":83},"8":{"loc":{"start":{"line":85,"column":22},"end":{"line":85,"column":null}},"type":"cond-expr","locations":[{"start":{"line":85,"column":30},"end":{"line":85,"column":77}},{"start":{"line":85,"column":77},"end":{"line":85,"column":null}}],"line":85},"9":{"loc":{"start":{"line":85,"column":30},"end":{"line":85,"column":77}},"type":"binary-expr","locations":[{"start":{"line":85,"column":30},"end":{"line":85,"column":61}},{"start":{"line":85,"column":61},"end":{"line":85,"column":77}}],"line":85},"10":{"loc":{"start":{"line":90,"column":10},"end":{"line":90,"column":null}},"type":"cond-expr","locations":[{"start":{"line":90,"column":10},"end":{"line":90,"column":42}},{"start":{"line":90,"column":45},"end":{"line":90,"column":null}}],"line":90},"11":{"loc":{"start":{"line":119,"column":41},"end":{"line":119,"column":85}},"type":"binary-expr","locations":[{"start":{"line":119,"column":41},"end":{"line":119,"column":76}},{"start":{"line":119,"column":80},"end":{"line":119,"column":85}}],"line":119},"12":{"loc":{"start":{"line":126,"column":4},"end":{"line":128,"column":null}},"type":"if","locations":[{"start":{"line":126,"column":4},"end":{"line":128,"column":null}},{"start":{},"end":{}}],"line":126},"13":{"loc":{"start":{"line":139,"column":12},"end":{"line":141,"column":null}},"type":"cond-expr","locations":[{"start":{"line":139,"column":49},"end":{"line":140,"column":35}},{"start":{"line":141,"column":10},"end":{"line":141,"column":null}}],"line":139},"14":{"loc":{"start":{"line":142,"column":23},"end":{"line":142,"column":null}},"type":"binary-expr","locations":[{"start":{"line":142,"column":23},"end":{"line":142,"column":63}},{"start":{"line":142,"column":67},"end":{"line":142,"column":null}}],"line":142},"15":{"loc":{"start":{"line":148,"column":6},"end":{"line":158,"column":null}},"type":"if","locations":[{"start":{"line":148,"column":6},"end":{"line":158,"column":null}},{"start":{"line":153,"column":13},"end":{"line":158,"column":null}}],"line":148},"16":{"loc":{"start":{"line":149,"column":25},"end":{"line":149,"column":null}},"type":"binary-expr","locations":[{"start":{"line":149,"column":25},"end":{"line":149,"column":63}},{"start":{"line":149,"column":67},"end":{"line":149,"column":null}}],"line":149},"17":{"loc":{"start":{"line":166,"column":4},"end":{"line":167,"column":null}},"type":"if","locations":[{"start":{"line":166,"column":4},"end":{"line":167,"column":null}},{"start":{},"end":{}}],"line":166}},"s":{"0":1,"1":1,"2":1,"3":4,"4":4,"5":2,"6":2,"7":19,"8":19,"9":2,"10":2,"11":17,"12":105,"13":5,"14":100,"15":8,"16":92,"17":92,"18":92,"19":92,"20":92,"21":92,"22":19,"23":19,"24":19,"25":19,"26":98,"27":19,"28":19,"29":19,"30":98,"31":96,"32":96,"33":19,"34":19,"35":19,"36":19,"37":19,"38":19,"39":17,"40":90,"41":90,"42":90,"43":17,"44":4,"45":4,"46":2,"47":2,"48":2,"49":2,"50":2,"51":17,"52":17,"53":19,"54":1,"55":1,"56":17},"f":{"0":4,"1":19,"2":105,"3":92,"4":19,"5":1},"b":{"0":[2,2],"1":[2,17],"2":[2,1],"3":[5,100],"4":[5,1],"5":[8,92],"6":[92,1],"7":[2,90],"8":[2,90],"9":[2,0],"10":[2,90],"11":[98,96],"12":[96,2],"13":[2,88],"14":[90,0],"15":[2,2],"16":[2,0],"17":[1,18]},"meta":{"lastBranch":18,"lastFunction":6,"lastStatement":57,"seen":{"s:31:28:31:Infinity":0,"s:32:32:32:Infinity":1,"s:33:27:33:Infinity":2,"f:35:15:35:26":0,"s:36:14:36:84":3,"b:37:2:37:Infinity:undefined:undefined:undefined:undefined":0,"s:37:2:37:Infinity":4,"s:37:15:37:Infinity":5,"s:38:2:38:Infinity":6,"f:41:15:41:Infinity":1,"s:44:14:48:4":7,"b:49:2:51:Infinity:undefined:undefined:undefined:undefined":1,"s:49:2:51:Infinity":8,"s:50:17:50:33":9,"s:51:4:51:Infinity":10,"b:51:20:51:35:51:35:51:66":2,"s:53:2:53:Infinity":11,"f:64:16:64:Infinity":2,"b:71:2:71:Infinity:undefined:undefined:undefined:undefined":3,"s:71:2:71:Infinity":12,"s:71:12:71:Infinity":13,"b:71:19:71:38:71:38:71:Infinity":4,"b:72:2:72:Infinity:undefined:undefined:undefined:undefined":5,"s:72:2:72:Infinity":14,"s:72:33:72:Infinity":15,"s:73:2:73:Infinity":16,"b:73:9:73:19:73:19:73:Infinity":6,"f:76:9:76:28":3,"s:77:8:77:40":17,"s:78:17:83:Infinity":18,"b:83:11:83:38:83:38:83:Infinity":7,"s:85:22:85:Infinity":19,"b:85:30:85:77:85:77:85:Infinity":8,"b:85:30:85:61:85:61:85:77":9,"s:86:15:86:47":20,"s:88:2:97:Infinity":21,"b:90:10:90:42:90:45:90:Infinity":10,"f:110:22:110:Infinity":4,"s:114:27:114:29":22,"s:115:38:115:40":23,"s:117:22:117:47":24,"s:118:2:119:Infinity":25,"s:119:4:119:Infinity":26,"b:119:41:119:76:119:80:119:85":11,"s:123:15:123:32":27,"s:124:42:124:44":28,"s:125:2:128:Infinity":29,"b:126:4:128:Infinity:undefined:undefined:undefined:undefined":12,"s:126:4:128:Infinity":30,"s:127:6:127:Infinity":31,"s:128:6:128:Infinity":32,"s:131:16:131:Infinity":33,"s:132:18:132:Infinity":34,"s:134:2:167:Infinity":35,"s:134:15:134:18":36,"s:135:18:135:63":37,"s:136:19:136:42":38,"s:138:4:143:Infinity":39,"s:139:12:141:Infinity":40,"b:139:49:140:35:141:10:141:Infinity":13,"s:142:23:142:Infinity":41,"b:142:23:142:63:142:67:142:Infinity":14,"s:143:6:143:Infinity":42,"s:146:4:158:Infinity":43,"s:147:24:147:49":44,"b:148:6:158:Infinity:153:13:158:Infinity":15,"s:148:6:158:Infinity":45,"s:149:25:149:Infinity":46,"b:149:25:149:63:149:67:149:Infinity":16,"s:150:21:150:60":47,"s:151:8:151:Infinity":48,"s:152:8:152:Infinity":49,"s:154:8:158:Infinity":50,"s:162:4:162:Infinity":51,"s:163:4:163:Infinity":52,"b:166:4:167:Infinity:undefined:undefined:undefined:undefined":17,"s:166:4:167:Infinity":53,"s:167:6:167:Infinity":54,"f:167:16:167:24":5,"s:167:29:167:47":55,"s:171:2:171:Infinity":56}}}
}
